<?xml version="1.0" encoding="UTF-8"?>
<testsuite xmlns:xsi="http://www.w3.org/2001/XMLSchema-instance" xsi:noNamespaceSchemaLocation="https://maven.apache.org/surefire/maven-surefire-plugin/xsd/surefire-test-report.xsd" name="HttpRequestCreatorTest" time="0.011" tests="3" errors="0" skipped="0" failures="0">
  <properties>
[...]
</properties>
  <testcase name="transformListWithTenEntriesAndNineThousandChars" classname="HttpRequestCreatorTest" time="0"/>
  <testcase name="createOneTranslateRequest" classname="HttpRequestCreatorTest" time="0.005"/>
  <testcase name="createOneDetectRequest" classname="HttpRequestCreatorTest" time="0.005"/>
</testsuite>