<?xml version="1.0" encoding="UTF-8"?>
<testsuite xmlns:xsi="http://www.w3.org/2001/XMLSchema-instance" xsi:noNamespaceSchemaLocation="https://maven.apache.org/surefire/maven-surefire-plugin/xsd/surefire-test-report.xsd" name="LanguageTransformerTest" time="0.062" tests="15" errors="0" skipped="0" failures="0">
  <properties>
[...]
</properties>
  <testcase name="getLanguageCodesForLanguagesNormalInput{String, String}[1]" classname="LanguageTransformerTest" time="0.027"/>
  <testcase name="getLanguageCodesForLanguagesNormalInput{String, String}[2]" classname="LanguageTransformerTest" time="0.002"/>
  <testcase name="getLanguageCodesForLanguagesNormalInput{String, String}[3]" classname="LanguageTransformerTest" time="0.001"/>
  <testcase name="getLanguageCodesForLanguagesNormalInput{String, String}[4]" classname="LanguageTransformerTest" time="0.001"/>
  <testcase name="getLanguageCodesForLanguagesNormalInput{String, String}[5]" classname="LanguageTransformerTest" time="0.001"/>
  <testcase name="getLanguageCodesForLanguageCodeInput{String}[1]" classname="LanguageTransformerTest" time="0.001"/>
  <testcase name="getLanguageCodesForLanguageCodeInput{String}[2]" classname="LanguageTransformerTest" time="0"/>
  <testcase name="getLanguageCodesForLanguageCodeInput{String}[3]" classname="LanguageTransformerTest" time="0.003"/>
  <testcase name="getLanguageCodesForLanguageCodeInput{String}[4]" classname="LanguageTransformerTest" time="0"/>
  <testcase name="getLanguageCodesForLanguageCodeInput{String}[5]" classname="LanguageTransformerTest" time="0.002"/>
  <testcase name="getLanguageCodesForLanguagesUppercaseInput{String, String}[1]" classname="LanguageTransformerTest" time="0.001"/>
  <testcase name="getLanguageCodesForLanguagesUppercaseInput{String, String}[2]" classname="LanguageTransformerTest" time="0"/>
  <testcase name="getLanguageCodesForLanguagesUppercaseInput{String, String}[3]" classname="LanguageTransformerTest" time="0.001"/>
  <testcase name="getLanguageCodesForLanguagesUppercaseInput{String, String}[4]" classname="LanguageTransformerTest" time="0.001"/>
  <testcase name="getLanguageCodesForLanguagesUppercaseInput{String, String}[5]" classname="LanguageTransformerTest" time="0"/>
</testsuite>